#
# A fatal error has been detected by the Java Runtime Environment:
#
#  SIGSEGV (0xb) at pc=0x000000010904c594, pid=5049, tid=0x0000000000004103
#
# JRE version: Java(TM) SE Runtime Environment (8.0_101-b13) (build 1.8.0_101-b13)
# Java VM: Java HotSpot(TM) 64-Bit Server VM (25.101-b13 mixed mode bsd-amd64 compressed oops)
# Problematic frame:
# V  [libjvm.dylib+0x44c594]  Method::checked_resolve_jmethod_id(_jmethodID*)+0xe
#
# Failed to write core dump. Core dumps have been disabled. To enable core dumping, try "ulimit -c unlimited" before starting Java again
#
# If you would like to submit a bug report, please visit:
#   http://bugreport.java.com/bugreport/crash.jsp
#

---------------  T H R E A D  ---------------

Current thread (0x00007feb6b016000):  JavaThread "JDWP Transport Listener: dt_socket" daemon [_thread_in_vm, id=16643, stack(0x00000001216c8000,0x00000001217c8000)]

siginfo: si_signo: 11 (SIGSEGV), si_code: 0 (unknown), si_addr: 0x0000000000000000

Registers:
RAX=0x0000000000000001, RBX=0x00000001217c7a8b, RCX=0x000000010941f360, RDX=0x00000001217c7a8b
RSP=0x00000001217c79d0, RBP=0x00000001217c79e0, RSI=0x00007feb6b016000, RDI=0x472479726f746361
R8 =0x0000000000000005, R9 =0x00007feb6d500000, R10=0x0000000000000030, R11=0x00007feb6d500000
R12=0x00007feb6b016000, R13=0x472479726f746361, R14=0x472479726f746361, R15=0x00007feb6ac02fd0
RIP=0x000000010904c594, EFLAGS=0x0000000000010202, ERR=0x0000000000000000
  TRAPNO=0x000000000000000d

Top of Stack: (sp=0x00000001217c79d0)
0x00000001217c79d0:   00000001217c7a8b 00000001217c7a8b
0x00000001217c79e0:   00000001217c7a40 0000000108f580d2
0x00000001217c79f0:   00007feb6b016000 0000000000000000
0x00000001217c7a00:   0000000000000000 0000000000000000
0x00000001217c7a10:   00007feb6b016000 00007feb6b016000
0x00000001217c7a20:   00000001217c7a8b 00000001217c7a90
0x00000001217c7a30:   472479726f746361 0000000000000003
0x00000001217c7a40:   00000001217c7a60 0000000109bf2780
0x00000001217c7a50:   0000000000000001 00000001217c7b08
0x00000001217c7a60:   00000001217c7ad0 0000000109bd71f3
0x00000001217c7a70:   00000001217c7aa0 00007feb6ae11980
0x00000001217c7a80:   0000000b00000032 00000001007c7b08
0x00000001217c7a90:   0000000000000000 0000000000000000
0x00000001217c7aa0:   0000000000000000 00000001217c7c90
0x00000001217c7ab0:   0000000109bf9e7a 00007feb6d281090
0x00000001217c7ac0:   00000001217c7b08 0000000109c05598
0x00000001217c7ad0:   00000001217c7ae0 0000000109bd72ec
0x00000001217c7ae0:   00000001217c7d00 0000000109be0898
0x00000001217c7af0:   00001fa800000013 00000000000f0200
0x00000001217c7b00:   00007feb6d2823c0 00000001217c7c43
0x00000001217c7b10:   00007feb00000041 00000001217c7b20
0x00000001217c7b20:   00007feb000000eb 00000001217c7b58
0x00000001217c7b30:   0000000000000000 00007f0000000000
0x00000001217c7b40:   00001fa80000001c 00007fff00002780
0x00000001217c7b50:   00000001217c7b58 eb7f00000b000000
0x00000001217c7b60:   08000000908b516d 3e74696e696c633c
0x00000001217c7b70:   0056292803000000 0008000000000000
0x00000001217c7b80:   00888b516deb7f00 74696e693c060000
0x00000001217c7b90:   562928030000003e 0100000000000000
0x00000001217c7ba0:   a099526deb7f0000 656c656412000000
0x00000001217c7bb0:   6e6f737265506574 00006b7361546c61
0x00000001217c7bc0:   6176616a4c282500 6e492f676e616c2f 

Instructions: (pc=0x000000010904c594)
0x000000010904c574:   40 48 48 85 c0 75 e0 30 c0 0f b6 c0 5d c3 31 c0
0x000000010904c584:   5d c3 55 48 89 e5 53 48 83 ec 08 48 85 ff 74 24
0x000000010904c594:   48 8b 1f 48 85 db 74 1c 48 83 fb 37 74 16 48 8b
0x000000010904c5a4:   03 48 89 df ff 50 10 84 c0 b8 00 00 00 00 48 0f 

Register to memory mapping:

RAX=0x0000000000000001 is an unknown value
RBX=0x00000001217c7a8b is pointing into the stack for thread: 0x00007feb6b016000
RCX=0x000000010941f360: UseMembar+0 in /Library/Java/JavaVirtualMachines/jdk1.8.0_101.jdk/Contents/Home/jre/lib/server/libjvm.dylib at 0x0000000108c00000
RDX=0x00000001217c7a8b is pointing into the stack for thread: 0x00007feb6b016000
RSP=0x00000001217c79d0 is pointing into the stack for thread: 0x00007feb6b016000
RBP=0x00000001217c79e0 is pointing into the stack for thread: 0x00007feb6b016000
RSI=0x00007feb6b016000 is a thread
RDI=0x472479726f746361 is an unknown value
R8 =0x0000000000000005 is an unknown value
R9 =0x00007feb6d500000 is an unknown value
R10=0x0000000000000030 is an unknown value
R11=0x00007feb6d500000 is an unknown value
R12=0x00007feb6b016000 is a thread
R13=0x472479726f746361 is an unknown value
R14=0x472479726f746361 is an unknown value
R15=0x00007feb6ac02fd0 is an unknown value


Stack: [0x00000001216c8000,0x00000001217c8000],  sp=0x00000001217c79d0,  free space=1022k
Native frames: (J=compiled Java code, j=interpreted, Vv=VM code, C=native code)
V  [libjvm.dylib+0x44c594]  Method::checked_resolve_jmethod_id(_jmethodID*)+0xe
V  [libjvm.dylib+0x3580d2]  jvmti_IsMethodSynthetic+0xb2
C  [libjdwp.dylib+0x20780]  isMethodSynthetic+0x63
C  [libjdwp.dylib+0x51f3]  methods1+0x10b
C  [libjdwp.dylib+0x52ec]  methodsWithGeneric+0xe
C  [libjdwp.dylib+0xe898]  debugLoop_run+0x1ce
C  [libjdwp.dylib+0x1f6ba]  attachThread+0x4d
V  [libjvm.dylib+0x399438]  JvmtiAgentThread::call_start_function()+0x38
V  [libjvm.dylib+0x5695ab]  JavaThread::thread_main_inner()+0x9b
V  [libjvm.dylib+0x56ac98]  JavaThread::run()+0x1c2
V  [libjvm.dylib+0x48933a]  java_start(Thread*)+0xf6
C  [libsystem_pthread.dylib+0x405a]  _pthread_body+0x83
C  [libsystem_pthread.dylib+0x3fd7]  _pthread_body+0x0
C  [libsystem_pthread.dylib+0x13ed]  thread_start+0xd
C  0x0000000000000000


---------------  P R O C E S S  ---------------

Java Threads: ( => current thread )
  0x00007feb6b4bd800 JavaThread "DestroyJavaVM" [_thread_blocked, id=4867, stack(0x00000001082d6000,0x00000001083d6000)]
  0x00007feb6cbec000 JavaThread "http-nio-8080-Acceptor-0" daemon [_thread_in_native, id=31491, stack(0x0000000124f36000,0x0000000125036000)]
  0x00007feb6bb26800 JavaThread "http-nio-8080-ClientPoller-1" daemon [_thread_in_native, id=30979, stack(0x0000000124e33000,0x0000000124f33000)]
  0x00007feb6bb21000 JavaThread "http-nio-8080-ClientPoller-0" daemon [_thread_in_native, id=30467, stack(0x0000000124d30000,0x0000000124e30000)]
  0x00007feb6c3ad000 JavaThread "http-nio-8080-exec-10" daemon [_thread_blocked, id=29955, stack(0x0000000124c2d000,0x0000000124d2d000)]
  0x00007feb6bb1c800 JavaThread "http-nio-8080-exec-9" daemon [_thread_blocked, id=29443, stack(0x0000000124b2a000,0x0000000124c2a000)]
  0x00007feb6cbe6000 JavaThread "http-nio-8080-exec-8" daemon [_thread_blocked, id=28931, stack(0x0000000124a27000,0x0000000124b27000)]
  0x00007feb6b4bd000 JavaThread "http-nio-8080-exec-7" daemon [_thread_blocked, id=28419, stack(0x0000000124924000,0x0000000124a24000)]
  0x00007feb6b4bc000 JavaThread "http-nio-8080-exec-6" daemon [_thread_blocked, id=27907, stack(0x0000000124821000,0x0000000124921000)]
  0x00007feb6cbe5000 JavaThread "http-nio-8080-exec-5" daemon [_thread_blocked, id=27395, stack(0x000000012471e000,0x000000012481e000)]
  0x00007feb6cbe4800 JavaThread "http-nio-8080-exec-4" daemon [_thread_blocked, id=26883, stack(0x000000012461b000,0x000000012471b000)]
  0x00007feb6b4bb800 JavaThread "http-nio-8080-exec-3" daemon [_thread_blocked, id=26371, stack(0x0000000124518000,0x0000000124618000)]
  0x00007feb6b4ba800 JavaThread "http-nio-8080-exec-2" daemon [_thread_blocked, id=25859, stack(0x0000000124415000,0x0000000124515000)]
  0x00007feb6b4b8800 JavaThread "http-nio-8080-exec-1" daemon [_thread_blocked, id=25347, stack(0x0000000124312000,0x0000000124412000)]
  0x00007feb6b4b8000 JavaThread "NioBlockingSelector.BlockPoller-1" daemon [_thread_in_native, id=24835, stack(0x000000012420f000,0x000000012430f000)]
  0x00007feb6cbd1000 JavaThread "container-0" [_thread_blocked, id=24323, stack(0x0000000123d0c000,0x0000000123e0c000)]
  0x00007feb6bb09000 JavaThread "Catalina-utility-2" [_thread_blocked, id=23811, stack(0x0000000123c09000,0x0000000123d09000)]
  0x00007feb6c351800 JavaThread "Catalina-utility-1" [_thread_blocked, id=23307, stack(0x0000000123b06000,0x0000000123c06000)]
  0x00007feb6b959800 JavaThread "RMI TCP Accept-0" daemon [_thread_in_native, id=22275, stack(0x0000000122367000,0x0000000122467000)]
  0x00007feb6b09b000 JavaThread "RMI TCP Accept-56898" daemon [_thread_in_native, id=21763, stack(0x000000012223e000,0x000000012233e000)]
  0x00007feb6b951800 JavaThread "RMI TCP Accept-0" daemon [_thread_in_native, id=21511, stack(0x000000012213b000,0x000000012223b000)]
  0x00007feb6b015000 JavaThread "Service Thread" daemon [_thread_blocked, id=19715, stack(0x0000000121cda000,0x0000000121dda000)]
  0x00007feb6c034000 JavaThread "C1 CompilerThread2" daemon [_thread_blocked, id=19203, stack(0x0000000121bd7000,0x0000000121cd7000)]
  0x00007feb6b84f800 JavaThread "C2 CompilerThread1" daemon [_thread_blocked, id=18691, stack(0x0000000121ad4000,0x0000000121bd4000)]
  0x00007feb6b022800 JavaThread "C2 CompilerThread0" daemon [_thread_blocked, id=18179, stack(0x00000001219d1000,0x0000000121ad1000)]
  0x00007feb6b018000 JavaThread "JDWP Command Reader" daemon [_thread_in_native, id=17667, stack(0x00000001218ce000,0x00000001219ce000)]
  0x00007feb6b017000 JavaThread "JDWP Event Helper Thread" daemon [_thread_blocked, id=17155, stack(0x00000001217cb000,0x00000001218cb000)]
=>0x00007feb6b016000 JavaThread "JDWP Transport Listener: dt_socket" daemon [_thread_in_vm, id=16643, stack(0x00000001216c8000,0x00000001217c8000)]
  0x00007feb6c032000 JavaThread "Signal Dispatcher" daemon [_thread_blocked, id=13331, stack(0x00000001215be000,0x00000001216be000)]
  0x00007feb6b801000 JavaThread "Finalizer" daemon [_thread_blocked, id=11523, stack(0x000000011fb93000,0x000000011fc93000)]
  0x00007feb6b00f000 JavaThread "Reference Handler" daemon [_thread_blocked, id=11011, stack(0x000000011fa90000,0x000000011fb90000)]

Other Threads:
  0x00007feb6c803800 VMThread [stack: 0x000000011f98d000,0x000000011fa8d000] [id=10499]
  0x00007feb6b09a800 WatcherThread [stack: 0x000000012246a000,0x000000012256a000] [id=22787]

VM state:not at safepoint (normal execution)

VM Mutex/Monitor currently owned by a thread: None

Heap:
 PSYoungGen      total 226304K, used 34572K [0x0000000795580000, 0x00000007a5680000, 0x00000007c0000000)
  eden space 210944K, 16% used [0x0000000795580000,0x0000000797743058,0x00000007a2380000)
  from space 15360K, 0% used [0x00000007a3400000,0x00000007a3400000,0x00000007a4300000)
  to   space 16896K, 0% used [0x00000007a2380000,0x00000007a2380000,0x00000007a3400000)
 ParOldGen       total 81408K, used 21794K [0x0000000740000000, 0x0000000744f80000, 0x0000000795580000)
  object space 81408K, 26% used [0x0000000740000000,0x0000000741548a10,0x0000000744f80000)
 Metaspace       used 37105K, capacity 38654K, committed 38908K, reserved 1083392K
  class space    used 4992K, capacity 5301K, committed 5376K, reserved 1048576K

Card table byte_map: [0x0000000118fdd000,0x00000001193de000] byte_map_base: 0x00000001155dd000

Marking Bits: (ParMarkBitMap*) 0x00000001094edd20
 Begin Bits: [0x0000000119a95000, 0x000000011ba95000)
 End Bits:   [0x000000011ba95000, 0x000000011da95000)

Polling page: 0x00000001083e6000

CodeCache: size=245760Kb used=7882Kb max_used=7882Kb free=237877Kb
 bounds [0x0000000109c1d000, 0x000000010a3dd000, 0x0000000118c1d000]
 total_blobs=4128 nmethods=3686 adapters=362
 compilation: enabled

Compilation events (10 events):
Event: 7.287 Thread 0x00007feb6c034000 3684   !   1       java.util.concurrent.ConcurrentHashMap::replaceNode (416 bytes)
Event: 7.289 Thread 0x00007feb6c034000 nmethod 3684 0x000000010a3cc950 code [0x000000010a3ccba0, 0x000000010a3cdbc8]
Event: 7.434 Thread 0x00007feb6c034000 3685       1       java.util.concurrent.atomic.AtomicInteger::get (5 bytes)
Event: 7.434 Thread 0x00007feb6c034000 nmethod 3685 0x000000010a3ce950 code [0x000000010a3ceaa0, 0x000000010a3cebb0]
Event: 19.467 Thread 0x00007feb6c034000 3686       1       java.nio.channels.spi.AbstractInterruptibleChannel::blockedOn (13 bytes)
Event: 19.468 Thread 0x00007feb6c034000 nmethod 3686 0x000000010a3cec10 code [0x000000010a3ced80, 0x000000010a3cf090]
Event: 19.468 Thread 0x00007feb6c034000 3687       1       java.lang.System$2::blockedOn (6 bytes)
Event: 19.468 Thread 0x00007feb6c034000 nmethod 3687 0x000000010a3cf250 code [0x000000010a3cf3c0, 0x000000010a3cf690]
Event: 24.143 Thread 0x00007feb6c034000 3688       1       java.nio.channels.spi.AbstractSelector::cancelledKeys (5 bytes)
Event: 24.143 Thread 0x00007feb6c034000 nmethod 3688 0x000000010a3cf7d0 code [0x000000010a3cf920, 0x000000010a3cfa30]

GC Heap History (10 events):
Event: 1.618 GC heap before
{Heap before GC invocations=6 (full 1):
 PSYoungGen      total 71680K, used 5007K [0x0000000795580000, 0x000000079e880000, 0x00000007c0000000)
  eden space 66560K, 0% used [0x0000000795580000,0x0000000795580000,0x0000000799680000)
  from space 5120K, 97% used [0x0000000799680000,0x0000000799b63df0,0x0000000799b80000)
  to   space 8704K, 0% used [0x000000079e000000,0x000000079e000000,0x000000079e880000)
 ParOldGen       total 87552K, used 4710K [0x0000000740000000, 0x0000000745580000, 0x0000000795580000)
  object space 87552K, 5% used [0x0000000740000000,0x0000000740499a60,0x0000000745580000)
 Metaspace       used 20903K, capacity 21454K, committed 21628K, reserved 1069056K
  class space    used 2733K, capacity 2883K, committed 2944K, reserved 1048576K
Event: 1.658 GC heap after
Heap after GC invocations=6 (full 1):
 PSYoungGen      total 71680K, used 0K [0x0000000795580000, 0x000000079e880000, 0x00000007c0000000)
  eden space 66560K, 0% used [0x0000000795580000,0x0000000795580000,0x0000000799680000)
  from space 5120K, 0% used [0x0000000799680000,0x0000000799680000,0x0000000799b80000)
  to   space 8704K, 0% used [0x000000079e000000,0x000000079e000000,0x000000079e880000)
 ParOldGen       total 47616K, used 5036K [0x0000000740000000, 0x0000000742e80000, 0x0000000795580000)
  object space 47616K, 10% used [0x0000000740000000,0x00000007404eb068,0x0000000742e80000)
 Metaspace       used 20901K, capacity 21448K, committed 21628K, reserved 1069056K
  class space    used 2733K, capacity 2882K, committed 2944K, reserved 1048576K
}
Event: 2.225 GC heap before
{Heap before GC invocations=7 (full 1):
 PSYoungGen      total 71680K, used 66560K [0x0000000795580000, 0x000000079e880000, 0x00000007c0000000)
  eden space 66560K, 100% used [0x0000000795580000,0x0000000799680000,0x0000000799680000)
  from space 5120K, 0% used [0x0000000799680000,0x0000000799680000,0x0000000799b80000)
  to   space 8704K, 0% used [0x000000079e000000,0x000000079e000000,0x000000079e880000)
 ParOldGen       total 47616K, used 5036K [0x0000000740000000, 0x0000000742e80000, 0x0000000795580000)
  object space 47616K, 10% used [0x0000000740000000,0x00000007404eb068,0x0000000742e80000)
 Metaspace       used 23256K, capacity 24006K, committed 24316K, reserved 1071104K
  class space    used 3093K, capacity 3301K, committed 3328K, reserved 1048576K
Event: 2.235 GC heap after
Heap after GC invocations=7 (full 1):
 PSYoungGen      total 128000K, used 7518K [0x0000000795580000, 0x000000079e780000, 0x00000007c0000000)
  eden space 120320K, 0% used [0x0000000795580000,0x0000000795580000,0x000000079cb00000)
  from space 7680K, 97% used [0x000000079e000000,0x000000079e757ba8,0x000000079e780000)
  to   space 9216K, 0% used [0x000000079d580000,0x000000079d580000,0x000000079de80000)
 ParOldGen       total 47616K, used 5044K [0x0000000740000000, 0x0000000742e80000, 0x0000000795580000)
  object space 47616K, 10% used [0x0000000740000000,0x00000007404ed068,0x0000000742e80000)
 Metaspace       used 23256K, capacity 24006K, committed 24316K, reserved 1071104K
  class space    used 3093K, capacity 3301K, committed 3328K, reserved 1048576K
}
Event: 3.579 GC heap before
{Heap before GC invocations=8 (full 1):
 PSYoungGen      total 128000K, used 127838K [0x0000000795580000, 0x000000079e780000, 0x00000007c0000000)
  eden space 120320K, 100% used [0x0000000795580000,0x000000079cb00000,0x000000079cb00000)
  from space 7680K, 97% used [0x000000079e000000,0x000000079e757ba8,0x000000079e780000)
  to   space 9216K, 0% used [0x000000079d580000,0x000000079d580000,0x000000079de80000)
 ParOldGen       total 47616K, used 5044K [0x0000000740000000, 0x0000000742e80000, 0x0000000795580000)
  object space 47616K, 10% used [0x0000000740000000,0x00000007404ed068,0x0000000742e80000)
 Metaspace       used 31542K, capacity 32922K, committed 33148K, reserved 1077248K
  class space    used 4179K, capacity 4455K, committed 4480K, reserved 1048576K
Event: 3.604 GC heap after
Heap after GC invocations=8 (full 1):
 PSYoungGen      total 140288K, used 9196K [0x0000000795580000, 0x00000007a4300000, 0x00000007c0000000)
  eden space 131072K, 0% used [0x0000000795580000,0x0000000795580000,0x000000079d580000)
  from space 9216K, 99% used [0x000000079d580000,0x000000079de7b050,0x000000079de80000)
  to   space 15360K, 0% used [0x00000007a3400000,0x00000007a3400000,0x00000007a4300000)
 ParOldGen       total 47616K, used 15844K [0x0000000740000000, 0x0000000742e80000, 0x0000000795580000)
  object space 47616K, 33% used [0x0000000740000000,0x0000000740f79220,0x0000000742e80000)
 Metaspace       used 31542K, capacity 32922K, committed 33148K, reserved 1077248K
  class space    used 4179K, capacity 4455K, committed 4480K, reserved 1048576K
}
Event: 4.143 GC heap before
{Heap before GC invocations=9 (full 1):
 PSYoungGen      total 140288K, used 56301K [0x0000000795580000, 0x00000007a4300000, 0x00000007c0000000)
  eden space 131072K, 35% used [0x0000000795580000,0x0000000798380758,0x000000079d580000)
  from space 9216K, 99% used [0x000000079d580000,0x000000079de7b050,0x000000079de80000)
  to   space 15360K, 0% used [0x00000007a3400000,0x00000007a3400000,0x00000007a4300000)
 ParOldGen       total 47616K, used 15844K [0x0000000740000000, 0x0000000742e80000, 0x0000000795580000)
  object space 47616K, 33% used [0x0000000740000000,0x0000000740f79220,0x0000000742e80000)
 Metaspace       used 34516K, capacity 35898K, committed 36048K, reserved 1081344K
  class space    used 4600K, capacity 4867K, committed 4992K, reserved 1048576K
Event: 4.171 GC heap after
Heap after GC invocations=9 (full 1):
 PSYoungGen      total 226304K, used 13227K [0x0000000795580000, 0x00000007a5680000, 0x00000007c0000000)
  eden space 210944K, 0% used [0x0000000795580000,0x0000000795580000,0x00000007a2380000)
  from space 15360K, 86% used [0x00000007a3400000,0x00000007a40eae48,0x00000007a4300000)
  to   space 16896K, 0% used [0x00000007a2380000,0x00000007a2380000,0x00000007a3400000)
 ParOldGen       total 47616K, used 15852K [0x0000000740000000, 0x0000000742e80000, 0x0000000795580000)
  object space 47616K, 33% used [0x0000000740000000,0x0000000740f7b220,0x0000000742e80000)
 Metaspace       used 34516K, capacity 35898K, committed 36048K, reserved 1081344K
  class space    used 4600K, capacity 4867K, committed 4992K, reserved 1048576K
}
Event: 4.171 GC heap before
{Heap before GC invocations=10 (full 2):
 PSYoungGen      total 226304K, used 13227K [0x0000000795580000, 0x00000007a5680000, 0x00000007c0000000)
  eden space 210944K, 0% used [0x0000000795580000,0x0000000795580000,0x00000007a2380000)
  from space 15360K, 86% used [0x00000007a3400000,0x00000007a40eae48,0x00000007a4300000)
  to   space 16896K, 0% used [0x00000007a2380000,0x00000007a2380000,0x00000007a3400000)
 ParOldGen       total 47616K, used 15852K [0x0000000740000000, 0x0000000742e80000, 0x0000000795580000)
  object space 47616K, 33% used [0x0000000740000000,0x0000000740f7b220,0x0000000742e80000)
 Metaspace       used 34516K, capacity 35898K, committed 36048K, reserved 1081344K
  class space    used 4600K, capacity 4867K, committed 4992K, reserved 1048576K
Event: 4.283 GC heap after
Heap after GC invocations=10 (full 2):
 PSYoungGen      total 226304K, used 0K [0x0000000795580000, 0x00000007a5680000, 0x00000007c0000000)
  eden space 210944K, 0% used [0x0000000795580000,0x0000000795580000,0x00000007a2380000)
  from space 15360K, 0% used [0x00000007a3400000,0x00000007a3400000,0x00000007a4300000)
  to   space 16896K, 0% used [0x00000007a2380000,0x00000007a2380000,0x00000007a3400000)
 ParOldGen       total 81408K, used 21794K [0x0000000740000000, 0x0000000744f80000, 0x0000000795580000)
  object space 81408K, 26% used [0x0000000740000000,0x0000000741548a10,0x0000000744f80000)
 Metaspace       used 34516K, capacity 35898K, committed 36048K, reserved 1081344K
  class space    used 4600K, capacity 4867K, committed 4992K, reserved 1048576K
}

Deoptimization events (0 events):
No events

Internal exceptions (10 events):
Event: 4.075 Thread 0x00007feb6b809000 Exception <a 'java/lang/ArrayIndexOutOfBoundsException'> (0x0000000797eb59a8) thrown at [/HUDSON3/workspace/8-2-build-macosx-x86_64/jdk8u101/7261/hotspot/src/share/vm/runtime/sharedRuntime.cpp, line 605]
Event: 4.081 Thread 0x00007feb6b809000 Exception <a 'java/lang/ArrayIndexOutOfBoundsException'> (0x0000000797f43490) thrown at [/HUDSON3/workspace/8-2-build-macosx-x86_64/jdk8u101/7261/hotspot/src/share/vm/runtime/sharedRuntime.cpp, line 605]
Event: 4.081 Thread 0x00007feb6b809000 Exception <a 'java/lang/ArrayIndexOutOfBoundsException'> (0x0000000797f45060) thrown at [/HUDSON3/workspace/8-2-build-macosx-x86_64/jdk8u101/7261/hotspot/src/share/vm/runtime/sharedRuntime.cpp, line 605]
Event: 4.292 Thread 0x00007feb6b809000 Exception <a 'java/lang/ArrayIndexOutOfBoundsException'> (0x0000000795581050) thrown at [/HUDSON3/workspace/8-2-build-macosx-x86_64/jdk8u101/7261/hotspot/src/share/vm/runtime/sharedRuntime.cpp, line 605]
Event: 4.292 Thread 0x00007feb6b809000 Exception <a 'java/lang/ArrayIndexOutOfBoundsException'> (0x0000000795582da0) thrown at [/HUDSON3/workspace/8-2-build-macosx-x86_64/jdk8u101/7261/hotspot/src/share/vm/runtime/sharedRuntime.cpp, line 605]
Event: 4.292 Thread 0x00007feb6b809000 Exception <a 'java/lang/ArrayIndexOutOfBoundsException'> (0x0000000795584cb8) thrown at [/HUDSON3/workspace/8-2-build-macosx-x86_64/jdk8u101/7261/hotspot/src/share/vm/runtime/sharedRuntime.cpp, line 605]
Event: 4.389 Thread 0x00007feb6b809000 Exception <a 'java/lang/ArrayIndexOutOfBoundsException'> (0x0000000795c1fe08) thrown at [/HUDSON3/workspace/8-2-build-macosx-x86_64/jdk8u101/7261/hotspot/src/share/vm/runtime/sharedRuntime.cpp, line 605]
Event: 7.207 Thread 0x00007feb6b4ba800 Exception <a 'java/lang/reflect/InvocationTargetException'> (0x0000000796f71860) thrown at [/HUDSON3/workspace/8-2-build-macosx-x86_64/jdk8u101/7261/hotspot/src/share/vm/runtime/reflection.cpp, line 1092]
Event: 7.245 Thread 0x00007feb6b4ba800 Exception <a 'java/lang/ArrayIndexOutOfBoundsException'> (0x00000007971e0588) thrown at [/HUDSON3/workspace/8-2-build-macosx-x86_64/jdk8u101/7261/hotspot/src/share/vm/runtime/sharedRuntime.cpp, line 605]
Event: 7.251 Thread 0x00007feb6b4ba800 Exception <a 'java/lang/NoSuchMethodError': java.lang.Object.lambda$thenComparing$36697e65$1(Ljava/util/Comparator;Ljava/lang/Object;Ljava/lang/Object;)I> (0x00000007972714e0) thrown at [/HUDSON3/workspace/8-2-build-macosx-x86_64/jdk8u101/7261/hotspot/src

Events (10 events):
Event: 13.165 loading class org/apache/tomcat/PeriodicEventListener
Event: 13.165 loading class org/apache/tomcat/PeriodicEventListener done
Event: 13.165 Thread 0x00007feb6c351800 DEOPT PACKING pc=0x0000000109dd0691 sp=0x0000000123c04050
Event: 13.165 Thread 0x00007feb6c351800 DEOPT UNPACKING pc=0x0000000109c64633 sp=0x0000000123c03dc0 mode 1
Event: 13.165 Thread 0x00007feb6c351800 DEOPT PACKING pc=0x000000010a37cc84 sp=0x0000000123c040d0
Event: 13.165 Thread 0x00007feb6c351800 DEOPT UNPACKING pc=0x0000000109c64633 sp=0x0000000123c03f10 mode 1
Event: 13.165 Thread 0x00007feb6c351800 DEOPT PACKING pc=0x000000010a37cbcc sp=0x0000000123c04260
Event: 13.165 Thread 0x00007feb6c351800 DEOPT UNPACKING pc=0x0000000109c64633 sp=0x0000000123c040a0 mode 1
Event: 30.877 Executing VM operation: RedefineClasses
Event: 30.899 Executing VM operation: RedefineClasses done


Dynamic libraries:
0x0000000007b45000 	/System/Library/Frameworks/Cocoa.framework/Versions/A/Cocoa
0x0000000007b45000 	/System/Library/Frameworks/Security.framework/Versions/A/Security
0x0000000007b45000 	/System/Library/Frameworks/ApplicationServices.framework/Versions/A/ApplicationServices
0x0000000007b45000 	/usr/lib/libz.1.dylib
0x0000000007b45000 	/usr/lib/libSystem.B.dylib
0x0000000007b45000 	/usr/lib/libobjc.A.dylib
0x0000000007b45000 	/System/Library/Frameworks/CoreFoundation.framework/Versions/A/CoreFoundation
0x0000000007b45000 	/System/Library/Frameworks/Foundation.framework/Versions/C/Foundation
0x0000000007b45000 	/System/Library/Frameworks/AppKit.framework/Versions/C/AppKit
0x0000000007b45000 	/System/Library/Frameworks/CoreData.framework/Versions/A/CoreData
0x0000000007b45000 	/System/Library/PrivateFrameworks/RemoteViewServices.framework/Versions/A/RemoteViewServices
0x0000000007b45000 	/System/Library/PrivateFrameworks/UIFoundation.framework/Versions/A/UIFoundation
0x0000000007b45000 	/System/Library/Frameworks/IOSurface.framework/Versions/A/IOSurface
0x0000000007b45000 	/System/Library/Frameworks/AudioToolbox.framework/Versions/A/AudioToolbox
0x0000000007b45000 	/System/Library/Frameworks/AudioUnit.framework/Versions/A/AudioUnit
0x0000000007b45000 	/System/Library/PrivateFrameworks/DataDetectorsCore.framework/Versions/A/DataDetectorsCore
0x0000000007b45000 	/System/Library/PrivateFrameworks/DesktopServicesPriv.framework/Versions/A/DesktopServicesPriv
0x0000000007b45000 	/System/Library/Frameworks/Carbon.framework/Versions/A/Frameworks/HIToolbox.framework/Versions/A/HIToolbox
0x0000000007b45000 	/System/Library/Frameworks/QuartzCore.framework/Versions/A/QuartzCore
0x0000000007b45000 	/System/Library/Frameworks/Carbon.framework/Versions/A/Frameworks/SpeechRecognition.framework/Versions/A/SpeechRecognition
0x0000000007b45000 	/usr/lib/libauto.dylib
0x0000000007b45000 	/usr/lib/libicucore.A.dylib
0x0000000007b45000 	/usr/lib/libxml2.2.dylib
0x0000000007b45000 	/System/Library/PrivateFrameworks/CoreUI.framework/Versions/A/CoreUI
0x0000000007b45000 	/System/Library/Frameworks/CoreAudio.framework/Versions/A/CoreAudio
0x0000000007b45000 	/System/Library/Frameworks/DiskArbitration.framework/Versions/A/DiskArbitration
0x0000000007b45000 	/usr/lib/liblangid.dylib
0x0000000007b45000 	/System/Library/PrivateFrameworks/MultitouchSupport.framework/Versions/A/MultitouchSupport
0x0000000007b45000 	/System/Library/Frameworks/IOKit.framework/Versions/A/IOKit
0x0000000007b45000 	/usr/lib/libDiagnosticMessagesClient.dylib
0x0000000007b45000 	/System/Library/Frameworks/CoreServices.framework/Versions/A/CoreServices
0x0000000007b45000 	/System/Library/PrivateFrameworks/PerformanceAnalysis.framework/Versions/A/PerformanceAnalysis
0x0000000007b45000 	/System/Library/PrivateFrameworks/GenerationalStorage.framework/Versions/A/GenerationalStorage
0x0000000007b45000 	/System/Library/Frameworks/OpenGL.framework/Versions/A/OpenGL
0x0000000007b45000 	/System/Library/PrivateFrameworks/Sharing.framework/Versions/A/Sharing
0x0000000007b45000 	/System/Library/Frameworks/CoreGraphics.framework/Versions/A/CoreGraphics
0x0000000007b45000 	/System/Library/Frameworks/CoreText.framework/Versions/A/CoreText
0x0000000007b45000 	/System/Library/Frameworks/ImageIO.framework/Versions/A/ImageIO
0x0000000007b45000 	/usr/lib/libextension.dylib
0x0000000007b45000 	/System/Library/PrivateFrameworks/Backup.framework/Versions/A/Backup
0x0000000007b45000 	/usr/lib/libarchive.2.dylib
0x0000000007b45000 	/System/Library/Frameworks/CFNetwork.framework/Versions/A/CFNetwork
0x0000000007b45000 	/System/Library/Frameworks/SystemConfiguration.framework/Versions/A/SystemConfiguration
0x0000000007b45000 	/usr/lib/libCRFSuite.dylib
0x0000000007b45000 	/usr/lib/libc++.1.dylib
0x0000000007b45000 	/usr/lib/libc++abi.dylib
0x0000000007b45000 	/usr/lib/system/libcache.dylib
0x0000000007b45000 	/usr/lib/system/libcommonCrypto.dylib
0x0000000007b45000 	/usr/lib/system/libcompiler_rt.dylib
0x0000000007b45000 	/usr/lib/system/libcopyfile.dylib
0x0000000007b45000 	/usr/lib/system/libcorecrypto.dylib
0x0000000007b45000 	/usr/lib/system/libdispatch.dylib
0x0000000007b45000 	/usr/lib/system/libdyld.dylib
0x0000000007b45000 	/usr/lib/system/libkeymgr.dylib
0x0000000007b45000 	/usr/lib/system/liblaunch.dylib
0x0000000007b45000 	/usr/lib/system/libmacho.dylib
0x0000000007b45000 	/usr/lib/system/libquarantine.dylib
0x0000000007b45000 	/usr/lib/system/libremovefile.dylib
0x0000000007b45000 	/usr/lib/system/libsystem_asl.dylib
0x0000000007b45000 	/usr/lib/system/libsystem_blocks.dylib
0x0000000007b45000 	/usr/lib/system/libsystem_c.dylib
0x0000000007b45000 	/usr/lib/system/libsystem_configuration.dylib
0x0000000007b45000 	/usr/lib/system/libsystem_coreservices.dylib
0x0000000007b45000 	/usr/lib/system/libsystem_coretls.dylib
0x0000000007b45000 	/usr/lib/system/libsystem_dnssd.dylib
0x0000000007b45000 	/usr/lib/system/libsystem_info.dylib
0x0000000007b45000 	/usr/lib/system/libsystem_kernel.dylib
0x0000000007b45000 	/usr/lib/system/libsystem_m.dylib
0x0000000007b45000 	/usr/lib/system/libsystem_malloc.dylib
0x0000000007b45000 	/usr/lib/system/libsystem_network.dylib
0x0000000007b45000 	/usr/lib/system/libsystem_networkextension.dylib
0x0000000007b45000 	/usr/lib/system/libsystem_notify.dylib
0x0000000007b45000 	/usr/lib/system/libsystem_platform.dylib
0x0000000007b45000 	/usr/lib/system/libsystem_pthread.dylib
0x0000000007b45000 	/usr/lib/system/libsystem_sandbox.dylib
0x0000000007b45000 	/usr/lib/system/libsystem_secinit.dylib
0x0000000007b45000 	/usr/lib/system/libsystem_stats.dylib
0x0000000007b45000 	/usr/lib/system/libsystem_trace.dylib
0x0000000007b45000 	/usr/lib/system/libunc.dylib
0x0000000007b45000 	/usr/lib/system/libunwind.dylib
0x0000000007b45000 	/usr/lib/system/libxpc.dylib
0x0000000007b45000 	/usr/lib/libbz2.1.0.dylib
0x0000000007b45000 	/usr/lib/liblzma.5.dylib
0x0000000007b45000 	/usr/lib/libbsm.0.dylib
0x0000000007b45000 	/usr/lib/libsqlite3.dylib
0x0000000007b45000 	/usr/lib/system/libkxld.dylib
0x0000000007b45000 	/usr/lib/libxar.1.dylib
0x0000000007b45000 	/usr/lib/libpam.2.dylib
0x0000000007b45000 	/usr/lib/libOpenScriptingUtil.dylib
0x0000000007b45000 	/System/Library/Frameworks/CoreServices.framework/Versions/A/Frameworks/FSEvents.framework/Versions/A/FSEvents
0x0000000007b45000 	/System/Library/Frameworks/CoreServices.framework/Versions/A/Frameworks/CarbonCore.framework/Versions/A/CarbonCore
0x0000000007b45000 	/System/Library/Frameworks/CoreServices.framework/Versions/A/Frameworks/Metadata.framework/Versions/A/Metadata
0x0000000007b45000 	/System/Library/Frameworks/CoreServices.framework/Versions/A/Frameworks/OSServices.framework/Versions/A/OSServices
0x0000000007b45000 	/System/Library/Frameworks/CoreServices.framework/Versions/A/Frameworks/SearchKit.framework/Versions/A/SearchKit
0x0000000007b45000 	/System/Library/Frameworks/CoreServices.framework/Versions/A/Frameworks/AE.framework/Versions/A/AE
0x0000000007b45000 	/System/Library/Frameworks/CoreServices.framework/Versions/A/Frameworks/LaunchServices.framework/Versions/A/LaunchServices
0x0000000007b45000 	/System/Library/Frameworks/CoreServices.framework/Versions/A/Frameworks/DictionaryServices.framework/Versions/A/DictionaryServices
0x0000000007b45000 	/System/Library/Frameworks/NetFS.framework/Versions/A/NetFS
0x0000000007b45000 	/System/Library/PrivateFrameworks/NetAuth.framework/Versions/A/NetAuth
0x0000000007b45000 	/System/Library/PrivateFrameworks/login.framework/Versions/A/Frameworks/loginsupport.framework/Versions/A/loginsupport
0x0000000007b45000 	/System/Library/PrivateFrameworks/TCC.framework/Versions/A/TCC
0x0000000007b45000 	/usr/lib/libmecabra.dylib
0x0000000007b45000 	/System/Library/Frameworks/ApplicationServices.framework/Versions/A/Frameworks/ATS.framework/Versions/A/ATS
0x0000000007b45000 	/System/Library/Frameworks/ApplicationServices.framework/Versions/A/Frameworks/ColorSync.framework/Versions/A/ColorSync
0x0000000007b45000 	/System/Library/Frameworks/ApplicationServices.framework/Versions/A/Frameworks/HIServices.framework/Versions/A/HIServices
0x0000000007b45000 	/System/Library/Frameworks/ApplicationServices.framework/Versions/A/Frameworks/LangAnalysis.framework/Versions/A/LangAnalysis
0x0000000007b45000 	/System/Library/Frameworks/ApplicationServices.framework/Versions/A/Frameworks/PrintCore.framework/Versions/A/PrintCore
0x0000000007b45000 	/System/Library/Frameworks/ApplicationServices.framework/Versions/A/Frameworks/QD.framework/Versions/A/QD
0x0000000007b45000 	/System/Library/Frameworks/ApplicationServices.framework/Versions/A/Frameworks/SpeechSynthesis.framework/Versions/A/SpeechSynthesis
0x0000000007b45000 	/System/Library/Frameworks/Accelerate.framework/Versions/A/Accelerate
0x0000000007b45000 	/System/Library/Frameworks/Accelerate.framework/Versions/A/Frameworks/vImage.framework/Versions/A/vImage
0x0000000007b45000 	/System/Library/Frameworks/Accelerate.framework/Versions/A/Frameworks/vecLib.framework/Versions/A/vecLib
0x0000000007b45000 	/System/Library/Frameworks/Accelerate.framework/Versions/A/Frameworks/vecLib.framework/Versions/A/libvDSP.dylib
0x0000000007b45000 	/System/Library/Frameworks/Accelerate.framework/Versions/A/Frameworks/vecLib.framework/Versions/A/libvMisc.dylib
0x0000000007b45000 	/System/Library/Frameworks/Accelerate.framework/Versions/A/Frameworks/vecLib.framework/Versions/A/libLAPACK.dylib
0x0000000007b45000 	/System/Library/Frameworks/Accelerate.framework/Versions/A/Frameworks/vecLib.framework/Versions/A/libBLAS.dylib
0x0000000007b45000 	/System/Library/Frameworks/Accelerate.framework/Versions/A/Frameworks/vecLib.framework/Versions/A/libLinearAlgebra.dylib
0x0000000007b45000 	/System/Library/Frameworks/ApplicationServices.framework/Versions/A/Frameworks/ATS.framework/Versions/A/Resources/libFontParser.dylib
0x0000000007b45000 	/System/Library/Frameworks/ApplicationServices.framework/Versions/A/Frameworks/ATS.framework/Versions/A/Resources/libFontRegistry.dylib
0x0000000007b45000 	/System/Library/PrivateFrameworks/AppleVPA.framework/Versions/A/AppleVPA
0x0000000007b45000 	/System/Library/PrivateFrameworks/AppleJPEG.framework/Versions/A/AppleJPEG
0x0000000007b45000 	/System/Library/Frameworks/ImageIO.framework/Versions/A/Resources/libJPEG.dylib
0x0000000007b45000 	/System/Library/Frameworks/ImageIO.framework/Versions/A/Resources/libTIFF.dylib
0x0000000007b45000 	/System/Library/Frameworks/ImageIO.framework/Versions/A/Resources/libPng.dylib
0x0000000007b45000 	/System/Library/Frameworks/ImageIO.framework/Versions/A/Resources/libGIF.dylib
0x0000000007b45000 	/System/Library/Frameworks/ImageIO.framework/Versions/A/Resources/libJP2.dylib
0x0000000007b45000 	/System/Library/Frameworks/ImageIO.framework/Versions/A/Resources/libRadiance.dylib
0x0000000007b45000 	/System/Library/Frameworks/CoreVideo.framework/Versions/A/CoreVideo
0x0000000007b45000 	/System/Library/Frameworks/OpenGL.framework/Versions/A/Libraries/libGLU.dylib
0x0000000007b45000 	/System/Library/Frameworks/OpenGL.framework/Versions/A/Libraries/libGFXShared.dylib
0x0000000007b45000 	/System/Library/Frameworks/OpenGL.framework/Versions/A/Libraries/libGL.dylib
0x0000000007b45000 	/System/Library/Frameworks/OpenGL.framework/Versions/A/Libraries/libGLImage.dylib
0x0000000007b45000 	/System/Library/Frameworks/OpenGL.framework/Versions/A/Libraries/libCVMSPluginSupport.dylib
0x0000000007b45000 	/System/Library/Frameworks/OpenGL.framework/Versions/A/Libraries/libCoreVMClient.dylib
0x0000000007b45000 	/usr/lib/libcups.2.dylib
0x0000000007b45000 	/System/Library/Frameworks/Kerberos.framework/Versions/A/Kerberos
0x0000000007b45000 	/System/Library/Frameworks/GSS.framework/Versions/A/GSS
0x0000000007b45000 	/usr/lib/libresolv.9.dylib
0x0000000007b45000 	/usr/lib/libiconv.2.dylib
0x0000000007b45000 	/System/Library/PrivateFrameworks/Heimdal.framework/Versions/A/Heimdal
0x0000000007b45000 	/usr/lib/libheimdal-asn1.dylib
0x0000000007b45000 	/System/Library/Frameworks/OpenDirectory.framework/Versions/A/OpenDirectory
0x0000000007b45000 	/System/Library/PrivateFrameworks/CommonAuth.framework/Versions/A/CommonAuth
0x0000000007b45000 	/System/Library/Frameworks/OpenDirectory.framework/Versions/A/Frameworks/CFOpenDirectory.framework/Versions/A/CFOpenDirectory
0x0000000007b45000 	/System/Library/Frameworks/SecurityFoundation.framework/Versions/A/SecurityFoundation
0x0000000007b45000 	/System/Library/PrivateFrameworks/LanguageModeling.framework/Versions/A/LanguageModeling
0x0000000007b45000 	/usr/lib/libcmph.dylib
0x0000000007b45000 	/System/Library/Frameworks/ServiceManagement.framework/Versions/A/ServiceManagement
0x0000000007b45000 	/usr/lib/libxslt.1.dylib
0x0000000007b45000 	/System/Library/Frameworks/Carbon.framework/Versions/A/Frameworks/Ink.framework/Versions/A/Ink
0x0000000007b45000 	/System/Library/Frameworks/QuartzCore.framework/Versions/A/Frameworks/CoreImage.framework/Versions/A/CoreImage
0x0000000007b45000 	/System/Library/PrivateFrameworks/CrashReporterSupport.framework/Versions/A/CrashReporterSupport
0x0000000007b45000 	/System/Library/Frameworks/OpenCL.framework/Versions/A/OpenCL
0x0000000007b45000 	/System/Library/PrivateFrameworks/FaceCore.framework/Versions/A/FaceCore
0x0000000007b45000 	/System/Library/PrivateFrameworks/Ubiquity.framework/Versions/A/Ubiquity
0x0000000007b45000 	/System/Library/PrivateFrameworks/IconServices.framework/Versions/A/IconServices
0x0000000007b45000 	/System/Library/PrivateFrameworks/ChunkingLibrary.framework/Versions/A/ChunkingLibrary
0x0000000007b45000 	/System/Library/PrivateFrameworks/Apple80211.framework/Versions/A/Apple80211
0x0000000007b45000 	/System/Library/Frameworks/CoreWLAN.framework/Versions/A/CoreWLAN
0x0000000007b45000 	/System/Library/Frameworks/IOBluetooth.framework/Versions/A/IOBluetooth
0x0000000007b45000 	/System/Library/PrivateFrameworks/CoreWiFi.framework/Versions/A/CoreWiFi
0x0000000007b45000 	/System/Library/Frameworks/CoreBluetooth.framework/Versions/A/CoreBluetooth
0x0000000007b45000 	/System/Library/PrivateFrameworks/DebugSymbols.framework/Versions/A/DebugSymbols
0x0000000007b45000 	/System/Library/PrivateFrameworks/CoreSymbolication.framework/Versions/A/CoreSymbolication
0x0000000007b45000 	/System/Library/PrivateFrameworks/Symbolication.framework/Versions/A/Symbolication
0x0000000007b45000 	/System/Library/PrivateFrameworks/SpeechRecognitionCore.framework/Versions/A/SpeechRecognitionCore
0x0000000108c00000 	/Library/Java/JavaVirtualMachines/jdk1.8.0_101.jdk/Contents/Home/jre/lib/server/libjvm.dylib
0x0000000007b45000 	/usr/lib/libstdc++.6.dylib
0x00000001083d8000 	/Library/Java/JavaVirtualMachines/jdk1.8.0_101.jdk/Contents/Home/jre/lib/libverify.dylib
0x0000000109b9d000 	/Library/Java/JavaVirtualMachines/jdk1.8.0_101.jdk/Contents/Home/jre/lib/libjava.dylib
0x0000000109bd2000 	/Library/Java/JavaVirtualMachines/jdk1.8.0_101.jdk/Contents/Home/jre/lib/libjdwp.dylib
0x00000001083e7000 	/Library/Java/JavaVirtualMachines/jdk1.8.0_101.jdk/Contents/Home/jre/lib/libnpt.dylib
0x00000001083f4000 	/Library/Java/JavaVirtualMachines/jdk1.8.0_101.jdk/Contents/Home/jre/lib/libzip.dylib
0x000000011fc95000 	/System/Library/Frameworks/JavaVM.framework/Frameworks/JavaRuntimeSupport.framework/JavaRuntimeSupport
0x000000011fcb0000 	/System/Library/Frameworks/JavaVM.framework/Versions/A/Frameworks/JavaNativeFoundation.framework/Versions/A/JavaNativeFoundation
0x000000011fcc5000 	/System/Library/Frameworks/JavaVM.framework/Versions/A/JavaVM
0x0000000007b45000 	/System/Library/Frameworks/Carbon.framework/Versions/A/Carbon
0x000000011fcd2000 	/System/Library/PrivateFrameworks/JavaLaunching.framework/Versions/A/JavaLaunching
0x0000000007b45000 	/System/Library/Frameworks/Carbon.framework/Versions/A/Frameworks/CommonPanels.framework/Versions/A/CommonPanels
0x0000000007b45000 	/System/Library/Frameworks/Carbon.framework/Versions/A/Frameworks/Help.framework/Versions/A/Help
0x0000000007b45000 	/System/Library/Frameworks/Carbon.framework/Versions/A/Frameworks/ImageCapture.framework/Versions/A/ImageCapture
0x0000000007b45000 	/System/Library/Frameworks/Carbon.framework/Versions/A/Frameworks/OpenScripting.framework/Versions/A/OpenScripting
0x0000000007b45000 	/System/Library/Frameworks/Carbon.framework/Versions/A/Frameworks/Print.framework/Versions/A/Print
0x0000000007b45000 	/System/Library/Frameworks/Carbon.framework/Versions/A/Frameworks/SecurityHI.framework/Versions/A/SecurityHI
0x00000001216c0000 	/Library/Java/JavaVirtualMachines/jdk1.8.0_101.jdk/Contents/Home/jre/lib/libdt_socket.dylib
0x0000000121ddc000 	/Library/Java/JavaVirtualMachines/jdk1.8.0_101.jdk/Contents/Home/jre/lib/libmanagement.dylib
0x0000000121dea000 	/Library/Java/JavaVirtualMachines/jdk1.8.0_101.jdk/Contents/Home/jre/lib/libnet.dylib
0x0000000121eb5000 	/Library/Java/JavaVirtualMachines/jdk1.8.0_101.jdk/Contents/Home/jre/lib/libnio.dylib

VM Arguments:
jvm_args: -agentlib:jdwp=transport=dt_socket,suspend=y,address=localhost:56899 -Dcom.sun.management.jmxremote -Dcom.sun.management.jmxremote.port=56898 -Dcom.sun.management.jmxremote.authenticate=false -Dcom.sun.management.jmxremote.ssl=false -Djava.rmi.server.hostname=localhost -Dspring.jmx.enabled=true -Dspring.liveBeansView.mbeanDomain -Dspring.application.admin.enabled=true -Djava.security.egd=file:/dev/./urandom -Xverify:none -XX:TieredStopAtLevel=1 -Dspring.boot.project.name=coding-test-things-to-do -Dfile.encoding=UTF-8 
java_command: com.mimacom.Main
java_class_path (initial): /Users/rojorubi/eclipse-workspace/coding-test-things-to-do/target/classes:/Users/rojorubi/.m2/repository/org/springframework/boot/spring-boot-starter-web/2.1.3.RELEASE/spring-boot-starter-web-2.1.3.RELEASE.jar:/Users/rojorubi/.m2/repository/org/springframework/boot/spring-boot-starter/2.1.3.RELEASE/spring-boot-starter-2.1.3.RELEASE.jar:/Users/rojorubi/.m2/repository/org/springframework/boot/spring-boot/2.1.3.RELEASE/spring-boot-2.1.3.RELEASE.jar:/Users/rojorubi/.m2/repository/org/springframework/boot/spring-boot-autoconfigure/2.1.3.RELEASE/spring-boot-autoconfigure-2.1.3.RELEASE.jar:/Users/rojorubi/.m2/repository/org/springframework/boot/spring-boot-starter-logging/2.1.3.RELEASE/spring-boot-starter-logging-2.1.3.RELEASE.jar:/Users/rojorubi/.m2/repository/ch/qos/logback/logback-classic/1.2.3/logback-classic-1.2.3.jar:/Users/rojorubi/.m2/repository/ch/qos/logback/logback-core/1.2.3/logback-core-1.2.3.jar:/Users/rojorubi/.m2/repository/org/apache/logging/log4j/log4j-to-slf4j/2.11.2/log4j-to-slf4j-2.11.2.jar:/Users/rojorubi/.m2/repository/org/apache/logging/log4j/log4j-api/2.11.2/log4j-api-2.11.2.jar:/Users/rojorubi/.m2/repository/org/slf4j/jul-to-slf4j/1.7.25/jul-to-slf4j-1.7.25.jar:/Users/rojorubi/.m2/repository/javax/annotation/javax.annotation-api/1.3.2/javax.annotation-api-1.3.2.jar:/Users/rojorubi/.m2/repository/org/springframework/spring-core/5.1.5.RELEASE/spring-core-5.1.5.RELEASE.jar:/Users/rojorubi/.m2/repository/org/springframework/spring-jcl/5.1.5.RELEASE/spring-jcl-5.1.5.RELEASE.jar:/Users/rojorubi/.m2/repository/org/yaml/snakeyaml/1.23/snakeyaml-1.23.jar:/Users/rojorubi/.m2/repository/org/springframework/boot/spring-boot-starter-json/2.1.3.RELEASE/spring-boot-starter-json-2.1.3.RELEASE.jar:/Users/rojorubi/.m2/repository/com/fasterxml/jackson/core/jackson-databind/2.9.8/jackson-databind-2.9.8.jar:/Users/rojorubi/.m2/repository/com/fasterxml/jackson/core/jackson-core/2.9.8/jackson-core-2.9.8.jar:/Users/rojorubi/.m2/repository/com
Launcher Type: SUN_STANDARD

Environment Variables:
PATH=/usr/bin:/bin:/usr/sbin:/sbin
SHELL=/bin/bash
DISPLAY=/private/tmp/com.apple.launchd.NdlRNmpQvD/org.macosforge.xquartz:0

Signal Handlers:
SIGSEGV: [libjvm.dylib+0x5af145], sa_mask[0]=11111111011111110111111111111111, sa_flags=SA_ONSTACK|SA_RESTART|SA_SIGINFO
SIGBUS: [libjvm.dylib+0x5af145], sa_mask[0]=11111111011111110111111111111111, sa_flags=SA_RESTART|SA_SIGINFO
SIGFPE: [libjvm.dylib+0x48694c], sa_mask[0]=11111111011111110111111111111111, sa_flags=SA_RESTART|SA_SIGINFO
SIGPIPE: [libjvm.dylib+0x48694c], sa_mask[0]=11111111011111110111111111111111, sa_flags=SA_RESTART|SA_SIGINFO
SIGXFSZ: [libjvm.dylib+0x48694c], sa_mask[0]=11111111011111110111111111111111, sa_flags=SA_RESTART|SA_SIGINFO
SIGILL: [libjvm.dylib+0x48694c], sa_mask[0]=11111111011111110111111111111111, sa_flags=SA_RESTART|SA_SIGINFO
SIGUSR1: SIG_DFL, sa_mask[0]=00000000000000000000000000000000, sa_flags=none
SIGUSR2: [libjvm.dylib+0x48646a], sa_mask[0]=00100000000000000000000000000000, sa_flags=SA_RESTART|SA_SIGINFO
SIGHUP: [libjvm.dylib+0x484a41], sa_mask[0]=11111111011111110111111111111111, sa_flags=SA_RESTART|SA_SIGINFO
SIGINT: [libjvm.dylib+0x484a41], sa_mask[0]=11111111011111110111111111111111, sa_flags=SA_RESTART|SA_SIGINFO
SIGTERM: [libjvm.dylib+0x484a41], sa_mask[0]=11111111011111110111111111111111, sa_flags=SA_RESTART|SA_SIGINFO
SIGQUIT: [libjvm.dylib+0x484a41], sa_mask[0]=11111111011111110111111111111111, sa_flags=SA_RESTART|SA_SIGINFO


---------------  S Y S T E M  ---------------

OS:Bsduname:Darwin 14.5.0 Darwin Kernel Version 14.5.0: Sun Jun  4 21:40:08 PDT 2017; root:xnu-2782.70.3~1/RELEASE_X86_64 x86_64
rlimit: STACK 8192k, CORE 0k, NPROC 709, NOFILE 10240, AS infinity
load average:1.98 2.05 2.04

CPU:total 4 (2 cores per cpu, 2 threads per core) family 6 model 61 stepping 4, cmov, cx8, fxsr, mmx, sse, sse2, sse3, ssse3, sse4.1, sse4.2, popcnt, avx, avx2, aes, clmul, erms, rtm, 3dnowpref, lzcnt, ht, tsc, tscinvbit, bmi1, bmi2, adx

Memory: 4k page, physical 8388608k(237488k free)

/proc/meminfo:


vm_info: Java HotSpot(TM) 64-Bit Server VM (25.101-b13) for bsd-amd64 JRE (1.8.0_101-b13), built on Jun 22 2016 02:42:15 by "java_re" with gcc 4.2.1 (Based on Apple Inc. build 5658) (LLVM build 2336.11.00)

time: Tue Aug  4 13:23:54 2020
elapsed time: 30 seconds (0d 0h 0m 30s)

